<?xml version="1.0" encoding="UTF-8"?>
<!-- Generated by org.testng.reporters.JUnitReportReporter -->
<testsuite hostname="DESKTOP-OVPGTPQ" failures="0" tests="1" name="com.sdet.testcase.TC003_CreateLead_Faker" time="30.063" errors="0" timestamp="2023-08-06T00:13:57 IST" skipped="0">
  <testcase classname="com.sdet.testcase.TC003_CreateLead_Faker" name="createLead" time="30.063"/>
  <system-out/>
</testsuite> <!-- com.sdet.testcase.TC003_CreateLead_Faker -->
