<?xml version="1.0" encoding="UTF-8"?>
<!-- Generated by org.testng.reporters.JUnitReportReporter -->
<testsuite hostname="DESKTOP-OVPGTPQ" failures="0" tests="1" name="com.sdet.testcase.TC001_LoginLogOut" time="11.484" errors="0" timestamp="2023-08-05T22:54:18 IST" skipped="0">
  <testcase classname="com.sdet.testcase.TC001_LoginLogOut" name="createLeaf" time="11.484"/>
  <system-out/>
</testsuite> <!-- com.sdet.testcase.TC001_LoginLogOut -->
